<?xml version="1.0" encoding="UTF-8"?>
<!-- Generated by org.testng.reporters.JUnitXMLReporter -->
<testsuite hostname="DESKTOP-6IP7VMK" ignored="0" name="Test" tests="8" failures="0" timestamp="2021-04-19T16:49:24 EDT" time="44.314" errors="0">
  <testcase name="createLead" time="10.576" classname="testCases_InheritanceForCon.CreateLead"/>
  <testcase name="test1" time="0.003" classname="learn_TestNG.TestNG_Annotations"/>
  <testcase name="test2" time="0.006" classname="learn_TestNG.TestNGAnnotations"/>
  <testcase name="test2" time="0.001" classname="learn_TestNG.TestNG_Annotations"/>
  <testcase name="test3" time="0.001" classname="learn_TestNG.TestNGAnnotations"/>
  <testcase name="test1" time="0.001" classname="learn_TestNG.TestNGAnnotations"/>
  <testcase name="test3" time="0.001" classname="learn_TestNG.TestNG_Annotations"/>
  <testcase name="deleteLead" time="3.598" classname="learn_TestNG.TestNG_Priority"/>
</testsuite> <!-- Test -->
