<?xml version="1.0" encoding="UTF-8"?>
<testng-results skipped="0" failed="0" ignored="0" total="3" passed="3">
  <reporter-output>
  </reporter-output>
  <suite name="Default suite" duration-ms="49342" started-at="2021-05-23T04:37:17Z" finished-at="2021-05-23T04:38:07Z">
    <groups>
      <group name="cucumber">
        <method signature="AbstractTestNGCucumberTests.runScenario(cucumber.api.testng.PickleEventWrapper, cucumber.api.testng.CucumberFeatureWrapper)[pri:0, instance:steps.TestRunner@6fe7aac8]" name="runScenario" class="cucumber.api.testng.AbstractTestNGCucumberTests"/>
      </group> <!-- cucumber -->
    </groups>
    <test name="Default test" duration-ms="49342" started-at="2021-05-23T04:37:17Z" finished-at="2021-05-23T04:38:07Z">
      <class name="steps.TestRunner">
        <test-method status="PASS" signature="setUpClass()[pri:0, instance:steps.TestRunner@6fe7aac8]" name="setUpClass" is-config="true" duration-ms="176" started-at="2021-05-23T04:37:17Z" finished-at="2021-05-23T04:37:18Z">
          <reporter-output>
          </reporter-output>
        </test-method> <!-- setUpClass -->
        <test-method status="PASS" signature="runScenario(cucumber.api.testng.PickleEventWrapper, cucumber.api.testng.CucumberFeatureWrapper)[pri:0, instance:steps.TestRunner@6fe7aac8]" name="runScenario" duration-ms="14654" started-at="2021-05-23T04:37:18Z" description="Runs Cucumber Scenarios" data-provider="scenarios" finished-at="2021-05-23T04:37:32Z">
          <params>
            <param index="0">
              <value>
                <![CDATA["TC003_CreateLead"]]>
              </value>
            </param>
            <param index="1">
              <value>
                <![CDATA["Automate leafTaps Application"]]>
              </value>
            </param>
          </params>
          <reporter-output>
          </reporter-output>
        </test-method> <!-- runScenario -->
        <test-method status="PASS" signature="runScenario(cucumber.api.testng.PickleEventWrapper, cucumber.api.testng.CucumberFeatureWrapper)[pri:0, instance:steps.TestRunner@6fe7aac8]" name="runScenario" duration-ms="15111" started-at="2021-05-23T04:37:32Z" description="Runs Cucumber Scenarios" data-provider="scenarios" finished-at="2021-05-23T04:37:47Z">
          <params>
            <param index="0">
              <value>
                <![CDATA["TC003_CreateLead"]]>
              </value>
            </param>
            <param index="1">
              <value>
                <![CDATA["Automate leafTaps Application"]]>
              </value>
            </param>
          </params>
          <reporter-output>
          </reporter-output>
        </test-method> <!-- runScenario -->
        <test-method status="PASS" signature="runScenario(cucumber.api.testng.PickleEventWrapper, cucumber.api.testng.CucumberFeatureWrapper)[pri:0, instance:steps.TestRunner@6fe7aac8]" name="runScenario" duration-ms="19291" started-at="2021-05-23T04:37:47Z" description="Runs Cucumber Scenarios" data-provider="scenarios" finished-at="2021-05-23T04:38:07Z">
          <params>
            <param index="0">
              <value>
                <![CDATA["TC003_CreateLead"]]>
              </value>
            </param>
            <param index="1">
              <value>
                <![CDATA["Automate leafTaps Application"]]>
              </value>
            </param>
          </params>
          <reporter-output>
          </reporter-output>
        </test-method> <!-- runScenario -->
        <test-method status="PASS" signature="tearDownClass()[pri:0, instance:steps.TestRunner@6fe7aac8]" name="tearDownClass" is-config="true" duration-ms="21" started-at="2021-05-23T04:38:07Z" finished-at="2021-05-23T04:38:07Z">
          <reporter-output>
          </reporter-output>
        </test-method> <!-- tearDownClass -->
      </class> <!-- steps.TestRunner -->
    </test> <!-- Default test -->
  </suite> <!-- Default suite -->
</testng-results>
